<?xml version="1.0" encoding="UTF-8"?>
<!-- Generated by org.testng.reporters.JUnitReportReporter -->
<testsuite hostname="VIJAY" failures="0" tests="1" name="APIBasicsTesting.APIAutomationBasics" time="8.255" errors="0" timestamp="2024-11-20T16:08:48 IST" skipped="0">
  <testcase classname="APIBasicsTesting.APIAutomationBasics" name="run" time="8.255"/>
</testsuite> <!-- APIBasicsTesting.APIAutomationBasics -->
