<?xml version="1.0" encoding="UTF-8"?>
<!-- Generated by org.testng.reporters.JUnitReportReporter -->
<testsuite hostname="VIJAY" failures="0" tests="1" name="Authentication_Demo.AuthorizationServer" time="1.923" errors="0" timestamp="2024-11-21T12:52:13 IST" skipped="0">
  <testcase classname="Authentication_Demo.AuthorizationServer" name="run" time="1.923"/>
</testsuite> <!-- Authentication_Demo.AuthorizationServer -->
