<?xml version="1.0" encoding="UTF-8"?>
<!-- Generated by org.testng.reporters.JUnitReportReporter -->
<testsuite hostname="VIJAY" failures="0" tests="1" name="TestRunner.Runner" time="2.127" errors="0" timestamp="2024-11-23T12:05:54 IST" skipped="0">
  <testcase classname="TestRunner.Runner" name="runScenario" time="2.127"/>
  <system-out/>
</testsuite> <!-- TestRunner.Runner -->
