<?xml version="1.0" encoding="UTF-8"?>
<!-- Generated by org.testng.reporters.JUnitReportReporter -->
<testsuite hostname="VIJAY" failures="0" tests="1" name="DynamicJson.DynaciJson" time="1.745" errors="0" timestamp="2024-11-21T11:10:34 IST" skipped="0">
  <testcase classname="DynamicJson.DynaciJson" name="run" time="1.745"/>
</testsuite> <!-- DynamicJson.DynaciJson -->
