<?xml version="1.0" encoding="UTF-8"?>
<!-- Generated by org.testng.reporters.JUnitReportReporter -->
<testsuite hostname="VIJAY" failures="0" tests="1" name="BasicExcercise.excercise" time="1.084" errors="0" timestamp="2024-11-20T17:06:19 IST" skipped="0">
  <testcase classname="BasicExcercise.excercise" name="run" time="1.084"/>
</testsuite> <!-- BasicExcercise.excercise -->
