<?xml version="1.0" encoding="UTF-8"?>
<!-- Generated by org.testng.reporters.JUnitReportReporter -->
<testsuite hostname="VIJAY" failures="0" tests="1" name="ApiAutomation.API_Automation.Api_Basics1" time="1.384" errors="0" timestamp="2024-11-20T14:57:40 IST" skipped="0">
  <testcase classname="ApiAutomation.API_Automation.Api_Basics1" name="run" time="1.384"/>
</testsuite> <!-- ApiAutomation.API_Automation.Api_Basics1 -->
