<?xml version="1.0" encoding="UTF-8"?>
<!-- Generated by org.testng.reporters.JUnitReportReporter -->
<testsuite hostname="VIJAY" failures="0" tests="1" name="APIBasicsTesting.APIAutomationBasics" time="2.970" errors="0" timestamp="2024-11-20T15:56:32 IST" skipped="0">
  <testcase classname="APIBasicsTesting.APIAutomationBasics" name="run" time="2.970"/>
</testsuite> <!-- APIBasicsTesting.APIAutomationBasics -->
