<?xml version="1.0" encoding="UTF-8"?>
<!-- Generated by org.testng.reporters.JUnitReportReporter -->
<testsuite hostname="VIJAY" failures="0" tests="1" name="Authentication_Demo.AuthorizationServer" time="2.077" errors="0" timestamp="2024-11-21T15:28:11 IST" skipped="0">
  <testcase classname="Authentication_Demo.AuthorizationServer" name="run" time="2.077"/>
</testsuite> <!-- Authentication_Demo.AuthorizationServer -->
