<?xml version="1.0" encoding="UTF-8"?>
<!-- Generated by org.testng.reporters.JUnitReportReporter -->
<testsuite hostname="VIJAY" failures="0" tests="1" name="RequestandResponse.ReqandRes" time="1.434" errors="0" timestamp="2024-11-22T17:32:33 IST" skipped="0">
  <testcase classname="RequestandResponse.ReqandRes" name="run" time="1.434"/>
</testsuite> <!-- RequestandResponse.ReqandRes -->
